<?xml version="1.0" encoding="UTF-8"?>
<!-- Generated by org.testng.reporters.JUnitXMLReporter -->
<testsuite ignored="0" hostname="st-Precision-3530" failures="0" tests="7" name="Default test" time="130.79" errors="0" timestamp="2023-09-28T13:40:17 IST">
  <testcase classname="com.Tcarts_FPO.Tcarts_FPO" name="setUp" time="1.95"/>
  <testcase classname="com.Tcarts_FPO.Tcarts_FPO" name="login" time="2.048"/>
  <testcase classname="com.Tcarts_FPO.Tcarts_FPO" name="dashboard" time="11.468"/>
  <testcase classname="com.Tcarts_FPO.Tcarts_FPO" name="sales" time="1.692"/>
  <testcase classname="com.Tcarts_FPO.Tcarts_FPO" name="receipts" time="97.091"/>
  <testcase classname="com.Tcarts_FPO.Tcarts_FPO" name="appFeedback" time="11.941"/>
  <testcase classname="com.Tcarts_FPO.Tcarts_FPO" name="tearDown" time="4.377"/>
</testsuite> <!-- Default test -->
