<?xml version="1.0" encoding="UTF-8"?>
<testng-results ignored="0" total="7" passed="7" failed="0" skipped="0">
  <reporter-output>
  </reporter-output>
  <suite started-at="2023-09-28T13:38:06 IST" name="Default suite" finished-at="2023-09-28T13:40:17 IST" duration-ms="130790">
    <groups>
    </groups>
    <test started-at="2023-09-28T13:38:06 IST" name="Default test" finished-at="2023-09-28T13:40:17 IST" duration-ms="130790">
      <class name="com.Tcarts_FPO.Tcarts_FPO">
        <test-method is-config="true" signature="startTest()[pri:0, instance:com.Tcarts_FPO.Tcarts_FPO@4c4f4365]" started-at="2023-09-28T13:38:06 IST" name="startTest" finished-at="2023-09-28T13:38:06 IST" duration-ms="63" status="PASS">
          <reporter-output>
          </reporter-output>
        </test-method> <!-- startTest -->
        <test-method signature="setUp()[pri:0, instance:com.Tcarts_FPO.Tcarts_FPO@4c4f4365]" started-at="2023-09-28T13:38:06 IST" name="setUp" finished-at="2023-09-28T13:38:08 IST" duration-ms="1950" status="PASS">
          <reporter-output>
          </reporter-output>
        </test-method> <!-- setUp -->
        <test-method signature="login()[pri:0, instance:com.Tcarts_FPO.Tcarts_FPO@4c4f4365]" started-at="2023-09-28T13:38:08 IST" name="login" finished-at="2023-09-28T13:38:10 IST" depends-on-methods="com.Tcarts_FPO.Tcarts_FPO.setUp" duration-ms="2048" status="PASS">
          <reporter-output>
          </reporter-output>
        </test-method> <!-- login -->
        <test-method signature="dashboard()[pri:1, instance:com.Tcarts_FPO.Tcarts_FPO@4c4f4365]" started-at="2023-09-28T13:38:10 IST" name="dashboard" finished-at="2023-09-28T13:38:21 IST" duration-ms="11468" status="PASS">
          <reporter-output>
          </reporter-output>
        </test-method> <!-- dashboard -->
        <test-method signature="sales()[pri:2, instance:com.Tcarts_FPO.Tcarts_FPO@4c4f4365]" started-at="2023-09-28T13:38:21 IST" name="sales" finished-at="2023-09-28T13:38:23 IST" duration-ms="1692" status="PASS">
          <reporter-output>
          </reporter-output>
        </test-method> <!-- sales -->
        <test-method signature="receipts()[pri:0, instance:com.Tcarts_FPO.Tcarts_FPO@4c4f4365]" started-at="2023-09-28T13:38:23 IST" name="receipts" finished-at="2023-09-28T13:40:00 IST" depends-on-methods="com.Tcarts_FPO.Tcarts_FPO.sales" duration-ms="97091" status="PASS">
          <reporter-output>
          </reporter-output>
        </test-method> <!-- receipts -->
        <test-method signature="appFeedback()[pri:3, instance:com.Tcarts_FPO.Tcarts_FPO@4c4f4365]" started-at="2023-09-28T13:40:00 IST" name="appFeedback" finished-at="2023-09-28T13:40:12 IST" duration-ms="11941" status="PASS">
          <reporter-output>
          </reporter-output>
        </test-method> <!-- appFeedback -->
        <test-method signature="tearDown()[pri:4, instance:com.Tcarts_FPO.Tcarts_FPO@4c4f4365]" started-at="2023-09-28T13:40:12 IST" name="tearDown" finished-at="2023-09-28T13:40:17 IST" duration-ms="4377" status="PASS">
          <reporter-output>
          </reporter-output>
        </test-method> <!-- tearDown -->
        <test-method is-config="true" signature="endTest()[pri:0, instance:com.Tcarts_FPO.Tcarts_FPO@4c4f4365]" started-at="2023-09-28T13:40:17 IST" name="endTest" finished-at="2023-09-28T13:40:17 IST" duration-ms="128" status="PASS">
          <reporter-output>
          </reporter-output>
        </test-method> <!-- endTest -->
      </class> <!-- com.Tcarts_FPO.Tcarts_FPO -->
    </test> <!-- Default test -->
  </suite> <!-- Default suite -->
</testng-results>
